<?xml version="1.0" encoding="UTF-8"?>
<!-- Generated by org.testng.reporters.JUnitXMLReporter -->
<testsuite ignored="1" hostname="Rocky" failures="1" tests="1" name="ChromeTest(failed)" time="11.752" errors="0" timestamp="2025-08-13T00:55:07 IST">
  <testcase classname="com.testclass.LoginTest" name="validLoginTest" time="5.414">
    <failure type="java.lang.AssertionError" message="Error message mismatch expected [true] but found [false]">
      <![CDATA[java.lang.AssertionError: Error message mismatch expected [true] but found [false]
at com.testclass.LoginTest.validLoginTest(LoginTest.java:50)
at java.base/java.util.ArrayList.forEach(ArrayList.java:1596)
at java.base/java.util.concurrent.FutureTask.run(FutureTask.java:317)
at java.base/java.util.concurrent.ThreadPoolExecutor.runWorker(ThreadPoolExecutor.java:1144)
at java.base/java.util.concurrent.ThreadPoolExecutor$Worker.run(ThreadPoolExecutor.java:642)
at java.base/java.lang.Thread.run(Thread.java:1583)
... Removed 18 stack frames]]>
    </failure>
  </testcase> <!-- validLoginTest -->
  <testcase classname="com.testclass.LoginTest" name="invalidLoginTest" time="0.0">
    <ignored/>
  </testcase> <!-- invalidLoginTest -->
</testsuite> <!-- ChromeTest(failed) -->
